<?xml version="1.0" encoding="UTF-8"?>
<coverage generated="1652020610943" clover="3.2.0">
  <project timestamp="1652020610943" name="All files">
    <metrics statements="112" coveredstatements="99" conditionals="30" coveredconditionals="17" methods="37" coveredmethods="28" elements="179" coveredelements="144" complexity="0" loc="112" ncloc="112" packages="9" files="12" classes="12"/>
    <package name="src">
      <metrics statements="9" coveredstatements="9" conditionals="1" coveredconditionals="1" methods="0" coveredmethods="0"/>
      <file name="app.ts" path="/home/rodnei0/projetos/sing-me-a-song-main/back-end/src/app.ts">
        <metrics statements="7" coveredstatements="7" conditionals="1" coveredconditionals="1" methods="0" coveredmethods="0"/>
        <line num="8" count="1" type="stmt"/>
        <line num="9" count="1" type="stmt"/>
        <line num="10" count="1" type="stmt"/>
        <line num="12" count="1" type="stmt"/>
        <line num="13" count="1" type="stmt"/>
        <line num="15" count="1" type="cond" truecount="1" falsecount="0"/>
        <line num="16" count="1" type="stmt"/>
      </file>
      <file name="database.ts" path="/home/rodnei0/projetos/sing-me-a-song-main/back-end/src/database.ts">
        <metrics statements="2" coveredstatements="2" conditionals="0" coveredconditionals="0" methods="0" coveredmethods="0"/>
        <line num="3" count="2" type="stmt"/>
        <line num="5" count="2" type="stmt"/>
      </file>
    </package>
    <package name="src.controllers">
      <metrics statements="27" coveredstatements="23" conditionals="1" coveredconditionals="1" methods="9" coveredmethods="7"/>
      <file name="e2eTestsController.ts" path="/home/rodnei0/projetos/sing-me-a-song-main/back-end/src/controllers/e2eTestsController.ts">
        <metrics statements="5" coveredstatements="1" conditionals="0" coveredconditionals="0" methods="2" coveredmethods="0"/>
        <line num="5" count="0" type="stmt"/>
        <line num="6" count="0" type="stmt"/>
        <line num="10" count="0" type="stmt"/>
        <line num="11" count="0" type="stmt"/>
        <line num="14" count="1" type="stmt"/>
      </file>
      <file name="recommendationController.ts" path="/home/rodnei0/projetos/sing-me-a-song-main/back-end/src/controllers/recommendationController.ts">
        <metrics statements="22" coveredstatements="22" conditionals="1" coveredconditionals="1" methods="7" coveredmethods="7"/>
        <line num="7" count="2" type="stmt"/>
        <line num="8" count="2" type="cond" truecount="1" falsecount="0"/>
        <line num="9" count="1" type="stmt"/>
        <line num="12" count="1" type="stmt"/>
        <line num="14" count="1" type="stmt"/>
        <line num="18" count="1" type="stmt"/>
        <line num="20" count="1" type="stmt"/>
        <line num="22" count="1" type="stmt"/>
        <line num="26" count="1" type="stmt"/>
        <line num="28" count="1" type="stmt"/>
        <line num="30" count="1" type="stmt"/>
        <line num="35" count="2" type="stmt"/>
        <line num="37" count="2" type="stmt"/>
        <line num="41" count="1" type="stmt"/>
        <line num="42" count="1" type="stmt"/>
        <line num="46" count="1" type="stmt"/>
        <line num="48" count="1" type="stmt"/>
        <line num="49" count="1" type="stmt"/>
        <line num="53" count="1" type="stmt"/>
        <line num="55" count="1" type="stmt"/>
        <line num="56" count="1" type="stmt"/>
        <line num="59" count="1" type="stmt"/>
      </file>
    </package>
    <package name="src.middlewares">
      <metrics statements="3" coveredstatements="2" conditionals="1" coveredconditionals="1" methods="1" coveredmethods="1"/>
      <file name="errorHandlerMiddleware.ts" path="/home/rodnei0/projetos/sing-me-a-song-main/back-end/src/middlewares/errorHandlerMiddleware.ts">
        <metrics statements="3" coveredstatements="2" conditionals="1" coveredconditionals="1" methods="1" coveredmethods="1"/>
        <line num="16" count="1" type="cond" truecount="1" falsecount="0"/>
        <line num="17" count="1" type="stmt"/>
        <line num="20" count="0" type="stmt"/>
      </file>
    </package>
    <package name="src.repositories">
      <metrics statements="13" coveredstatements="10" conditionals="1" coveredconditionals="1" methods="9" coveredmethods="6"/>
      <file name="recommendationRepository.ts" path="/home/rodnei0/projetos/sing-me-a-song-main/back-end/src/repositories/recommendationRepository.ts">
        <metrics statements="13" coveredstatements="10" conditionals="1" coveredconditionals="1" methods="9" coveredmethods="6"/>
        <line num="7" count="1" type="stmt"/>
        <line num="18" count="5" type="stmt"/>
        <line num="20" count="5" type="stmt"/>
        <line num="28" count="1" type="stmt"/>
        <line num="37" count="5" type="cond" truecount="1" falsecount="0"/>
        <line num="39" count="3" type="stmt"/>
        <line num="41" count="3" type="stmt"/>
        <line num="47" count="3" type="stmt"/>
        <line num="53" count="2" type="stmt"/>
        <line num="62" count="0" type="stmt"/>
        <line num="68" count="0" type="stmt"/>
        <line num="77" count="0" type="stmt"/>
        <line num="80" count="2" type="stmt"/>
      </file>
    </package>
    <package name="src.routers">
      <metrics statements="11" coveredstatements="11" conditionals="0" coveredconditionals="0" methods="0" coveredmethods="0"/>
      <file name="e2eRouter.ts" path="/home/rodnei0/projetos/sing-me-a-song-main/back-end/src/routers/e2eRouter.ts">
        <metrics statements="3" coveredstatements="3" conditionals="0" coveredconditionals="0" methods="0" coveredmethods="0"/>
        <line num="4" count="1" type="stmt"/>
        <line num="6" count="1" type="stmt"/>
        <line num="7" count="1" type="stmt"/>
      </file>
      <file name="recommendationRouter.ts" path="/home/rodnei0/projetos/sing-me-a-song-main/back-end/src/routers/recommendationRouter.ts">
        <metrics statements="8" coveredstatements="8" conditionals="0" coveredconditionals="0" methods="0" coveredmethods="0"/>
        <line num="4" count="1" type="stmt"/>
        <line num="6" count="1" type="stmt"/>
        <line num="7" count="1" type="stmt"/>
        <line num="8" count="1" type="stmt"/>
        <line num="9" count="1" type="stmt"/>
        <line num="10" count="1" type="stmt"/>
        <line num="11" count="1" type="stmt"/>
        <line num="12" count="1" type="stmt"/>
      </file>
    </package>
    <package name="src.schemas">
      <metrics statements="2" coveredstatements="2" conditionals="0" coveredconditionals="0" methods="0" coveredmethods="0"/>
      <file name="recommendationsSchemas.ts" path="/home/rodnei0/projetos/sing-me-a-song-main/back-end/src/schemas/recommendationsSchemas.ts">
        <metrics statements="2" coveredstatements="2" conditionals="0" coveredconditionals="0" methods="0" coveredmethods="0"/>
        <line num="4" count="1" type="stmt"/>
        <line num="6" count="1" type="stmt"/>
      </file>
    </package>
    <package name="src.services">
      <metrics statements="29" coveredstatements="27" conditionals="6" coveredconditionals="6" methods="11" coveredmethods="9"/>
      <file name="recommendationsService.ts" path="/home/rodnei0/projetos/sing-me-a-song-main/back-end/src/services/recommendationsService.ts">
        <metrics statements="29" coveredstatements="27" conditionals="6" coveredconditionals="6" methods="11" coveredmethods="9"/>
        <line num="8" count="1" type="stmt"/>
        <line num="12" count="2" type="stmt"/>
        <line num="13" count="2" type="cond" truecount="1" falsecount="0"/>
        <line num="15" count="1" type="stmt"/>
        <line num="19" count="3" type="stmt"/>
        <line num="20" count="3" type="cond" truecount="1" falsecount="0"/>
        <line num="22" count="2" type="stmt"/>
        <line num="24" count="2" type="cond" truecount="1" falsecount="0"/>
        <line num="25" count="1" type="stmt"/>
        <line num="30" count="1" type="stmt"/>
        <line num="34" count="1" type="stmt"/>
        <line num="38" count="1" type="stmt"/>
        <line num="42" count="3" type="stmt"/>
        <line num="43" count="3" type="stmt"/>
        <line num="45" count="3" type="stmt"/>
        <line num="46" count="3" type="cond" truecount="1" falsecount="0"/>
        <line num="47" count="1" type="stmt"/>
        <line num="50" count="2" type="stmt"/>
        <line num="51" count="2" type="stmt"/>
        <line num="55" count="3" type="stmt"/>
        <line num="60" count="3" type="cond" truecount="1" falsecount="0"/>
        <line num="61" count="2" type="stmt"/>
        <line num="64" count="1" type="stmt"/>
        <line num="68" count="3" type="cond" truecount="1" falsecount="0"/>
        <line num="69" count="2" type="stmt"/>
        <line num="72" count="1" type="stmt"/>
        <line num="76" count="0" type="stmt"/>
        <line num="80" count="0" type="stmt"/>
        <line num="83" count="2" type="stmt"/>
      </file>
    </package>
    <package name="src.utils">
      <metrics statements="10" coveredstatements="7" conditionals="20" coveredconditionals="7" methods="6" coveredmethods="4"/>
      <file name="errorUtils.ts" path="/home/rodnei0/projetos/sing-me-a-song-main/back-end/src/utils/errorUtils.ts">
        <metrics statements="10" coveredstatements="7" conditionals="20" coveredconditionals="7" methods="6" coveredmethods="4"/>
        <line num="8" count="1" type="stmt"/>
        <line num="12" count="1" type="cond" truecount="0" falsecount="1"/>
        <line num="13" count="1" type="cond" truecount="0" falsecount="1"/>
        <line num="14" count="1" type="cond" truecount="0" falsecount="1"/>
        <line num="15" count="1" type="cond" truecount="1" falsecount="0"/>
        <line num="16" count="0" type="stmt"/>
        <line num="20" count="0" type="cond" truecount="0" falsecount="4"/>
        <line num="24" count="3" type="cond" truecount="3" falsecount="1"/>
        <line num="28" count="0" type="cond" truecount="0" falsecount="4"/>
        <line num="32" count="1" type="cond" truecount="3" falsecount="1"/>
      </file>
    </package>
    <package name="tests.factories">
      <metrics statements="8" coveredstatements="8" conditionals="0" coveredconditionals="0" methods="1" coveredmethods="1"/>
      <file name="createRecommendationsWithScoreFactory.ts" path="/home/rodnei0/projetos/sing-me-a-song-main/back-end/tests/factories/createRecommendationsWithScoreFactory.ts">
        <metrics statements="8" coveredstatements="8" conditionals="0" coveredconditionals="0" methods="1" coveredmethods="1"/>
        <line num="8" count="7" type="stmt"/>
        <line num="9" count="7" type="stmt"/>
        <line num="11" count="7" type="stmt"/>
        <line num="12" count="41" type="stmt"/>
        <line num="17" count="41" type="stmt"/>
        <line num="19" count="7" type="stmt"/>
        <line num="23" count="7" type="stmt"/>
        <line num="25" count="7" type="stmt"/>
      </file>
    </package>
  </project>
</coverage>
