TN:
SF:src/app.ts
FNF:0
FNH:0
DA:7,1
DA:8,1
DA:9,1
DA:11,1
DA:12,1
LF:5
LH:5
BRF:0
BRH:0
end_of_record
TN:
SF:src/database.ts
FNF:0
FNH:0
DA:3,1
DA:5,1
LF:2
LH:2
BRF:0
BRH:0
end_of_record
TN:
SF:src/controllers/recommendationController.ts
FN:7,insert
FN:18,upvote
FN:26,downvote
FN:34,random
FN:42,get
FN:47,getTop
FN:54,getById
FNF:7
FNH:7
FNDA:2,insert
FNDA:1,upvote
FNDA:1,downvote
FNDA:1,random
FNDA:1,get
FNDA:1,getTop
FNDA:1,getById
DA:8,2
DA:9,2
DA:10,1
DA:13,1
DA:15,1
DA:19,1
DA:21,1
DA:23,1
DA:27,1
DA:29,1
DA:31,1
DA:37,1
DA:39,1
DA:43,1
DA:44,1
DA:48,1
DA:50,1
DA:51,1
DA:55,1
DA:57,1
DA:58,1
DA:61,1
LF:22
LH:22
BRDA:9,0,0,1
BRF:1
BRH:1
end_of_record
TN:
SF:src/middlewares/errorHandlerMiddleware.ts
FN:8,errorHandlerMiddleware
FNF:1
FNH:1
FNDA:1,errorHandlerMiddleware
DA:16,1
DA:17,1
DA:20,0
LF:3
LH:2
BRDA:16,0,0,1
BRF:1
BRH:1
end_of_record
TN:
SF:src/repositories/recommendationRepository.ts
FN:5,create
FN:16,findAll
FN:26,getAmountByScore
FN:33,getFindAllFilter
FN:45,find
FN:51,updateScore
FN:60,remove
FNF:7
FNH:6
FNDA:1,create
FNDA:2,findAll
FNDA:1,getAmountByScore
FNDA:2,getFindAllFilter
FNDA:3,find
FNDA:2,updateScore
FNDA:0,remove
DA:6,1
DA:17,2
DA:19,2
DA:27,1
DA:36,2
DA:38,1
DA:40,1
DA:46,3
DA:52,2
DA:61,0
DA:66,1
LF:11
LH:10
BRDA:36,0,0,1
BRF:1
BRH:1
end_of_record
TN:
SF:src/routers/recommendationRouter.ts
FNF:0
FNH:0
DA:4,1
DA:6,1
DA:7,1
DA:8,1
DA:9,1
DA:10,1
DA:11,1
DA:12,1
LF:8
LH:8
BRF:0
BRH:0
end_of_record
TN:
SF:src/schemas/recommendationsSchemas.ts
FNF:0
FNH:0
DA:4,1
DA:6,1
LF:2
LH:2
BRF:0
BRH:0
end_of_record
TN:
SF:src/services/recommendationsService.ts
FN:7,insert
FN:11,upvote
FN:18,downvote
FN:29,getById
FN:33,get
FN:37,getTop
FN:41,getRandom
FN:59,getByScore
FN:73,getScoreFilter
FNF:9
FNH:9
FNDA:1,insert
FNDA:1,upvote
FNDA:1,downvote
FNDA:1,getById
FNDA:1,get
FNDA:1,getTop
FNDA:1,getRandom
FNDA:1,getByScore
FNDA:1,getScoreFilter
DA:8,1
DA:12,1
DA:13,1
DA:15,1
DA:19,1
DA:20,1
DA:22,1
DA:24,1
DA:25,0
DA:30,1
DA:34,1
DA:38,1
DA:43,1
DA:45,1
DA:49,1
DA:51,1
DA:52,0
DA:55,1
DA:56,1
DA:60,1
DA:65,1
DA:67,1
DA:70,0
DA:74,1
DA:75,1
DA:78,0
DA:81,1
LF:27
LH:23
BRDA:13,0,0,0
BRDA:20,1,0,0
BRDA:24,2,0,0
BRDA:51,3,0,0
BRDA:65,4,0,1
BRDA:74,5,0,1
BRF:6
BRH:2
end_of_record
TN:
SF:src/utils/errorUtils.ts
FN:7,isAppError
FN:11,errorTypeToStatusCode
FN:19,conflictError
FN:23,notFoundError
FN:27,unauthorizedError
FN:31,wrongSchemaError
FNF:6
FNH:3
FNDA:1,isAppError
FNDA:1,errorTypeToStatusCode
FNDA:0,conflictError
FNDA:0,notFoundError
FNDA:0,unauthorizedError
FNDA:1,wrongSchemaError
DA:8,1
DA:12,1
DA:13,1
DA:14,1
DA:15,1
DA:16,0
DA:20,0
DA:24,0
DA:28,0
DA:32,1
LF:10
LH:6
BRDA:12,0,0,0
BRDA:13,1,0,0
BRDA:14,2,0,0
BRDA:15,3,0,1
BRDA:20,4,0,0
BRDA:20,4,1,0
BRDA:20,5,0,0
BRDA:20,5,1,0
BRDA:24,6,0,0
BRDA:24,6,1,0
BRDA:24,7,0,0
BRDA:24,7,1,0
BRDA:28,8,0,0
BRDA:28,8,1,0
BRDA:28,9,0,0
BRDA:28,9,1,0
BRDA:32,10,0,0
BRDA:32,10,1,1
BRDA:32,11,0,1
BRDA:32,11,1,1
BRF:20
BRH:4
end_of_record
TN:
SF:tests/factories/createRecommendationWithScoreFactory.ts
FN:7,createRecommendationWithScore
FNF:1
FNH:1
FNDA:6,createRecommendationWithScore
DA:8,6
DA:9,6
DA:11,6
DA:12,29
DA:17,29
DA:19,6
DA:23,6
DA:26,6
LF:8
LH:8
BRF:0
BRH:0
end_of_record
